Server running on http://localhost:3001
Connected to the SQLite database.
Renaming account 'Rename Test Old' to 'Rename Test NEW' in entries...
Renaming account 'Rename Test Old' to 'Rename Test NEW' in entries...
Renaming account 'C24 (Gemeinschaftskontoo)' to 'C24 (Gemeinschaftskonto)' in entries...
Renaming account 'C24 (Gemeinschaftskontoo)' to 'C24 (Gemeinschaftskonto)' in entries...
Renaming account 'C24 (Gemeinschaftskonto)' to 'C24 (Gemeinschaftskontooo)' in entries...
Renaming account 'C24 (Gemeinschaftskonto)' to 'C24 (Gemeinschaftskontooo)' in entries...
Renaming account 'C24 (Gemeinschaftskontooo)' to 'C24 (Gemeinschaftskonto)' in entries...
Renaming account 'C24 (Gemeinschaftskontooo)' to 'C24 (Gemeinschaftskonto)' in entries...
Renaming account 'C24 (Mein Konto)' to 'C24 (Mein Konto)1' in entries...
Renaming account 'C24 (Mein Konto)' to 'C24 (Mein Konto)1' in entries...
Renaming account 'N26 (Renamed)' to 'N26 (Renamed' in entries...
Renaming account 'N26 (Renamed)' to 'N26 (Renamed' in entries...
Renaming account 'N26 (Renamed' to 'N26 (Renamed)' in entries...
Renaming account 'N26 (Renamed' to 'N26 (Renamed)' in entries...
Renaming account 'C24 (Mein Konto)1' to 'C24 (Mein Konto)' in entries...
Renaming account 'C24 (Mein Konto)1' to 'C24 (Mein Konto)' in entries...
Renaming account 'C24 (Mein Konto)' to 'C24 (Mein Konto) Edited' in entries...
Renaming account 'C24 (Mein Konto)' to 'C24 (Mein Konto) Edited' in entries...
Renaming account 'C24 (Mein Konto) Edited' to 'C24 (Mein Konto) Final' in entries...
Renaming account 'C24 (Mein Konto) Edited' to 'C24 (Mein Konto) Final' in entries...
Renaming account 'C24 (Mein Konto) Final' to 'C24 (Mein Konto) Edited' in entries...
Renaming account 'C24 (Mein Konto) Final' to 'C24 (Mein Konto) Edited' in entries...
Renaming account 'C24 (Mein Konto) Edited' to 'C24 (Mein Konto) Final' in entries...
Renaming account 'C24 (Mein Konto) Edited' to 'C24 (Mein Konto) Final' in entries...
Renaming account 'C24 (Mein Konto) Final' to 'C24 (Mein Konto) Fixed' in entries...
Renaming account 'C24 (Mein Konto) Final' to 'C24 (Mein Konto) Fixed' in entries...
Renaming account 'C24 (Mein Konto) Fixed' to 'C24 (Mein Konto) Fixe' in entries...
Renaming account 'C24 (Mein Konto) Fixed' to 'C24 (Mein Konto) Fixe' in entries...
